<?xml version="1.0" encoding="UTF-8"?>
<!-- Generated by org.testng.reporters.JUnitReportReporter -->
<testsuite skipped="0" hostname="DESKTOP-257VOMS" name="TestRunner.PostApiRunner" tests="1" failures="0" timestamp="2023-02-24T00:45:56 BDT" time="2.955" errors="0">
  <testcase name="runScenario" time="2.955" classname="TestRunner.PostApiRunner"/>
  <system-out/>
</testsuite> <!-- TestRunner.PostApiRunner -->
